#
# There is insufficient memory for the Java Runtime Environment to continue.
# Native memory allocation (malloc) failed to allocate 613456 bytes for Chunk::new
# Possible reasons:
#   The system is out of physical RAM or swap space
#   The process is running with CompressedOops enabled, and the Java Heap may be blocking the growth of the native heap
# Possible solutions:
#   Reduce memory load on the system
#   Increase physical memory or swap space
#   Check if swap backing store is full
#   Decrease Java heap size (-Xmx/-Xms)
#   Decrease number of Java threads
#   Decrease Java thread stack sizes (-Xss)
#   Set larger code cache with -XX:ReservedCodeCacheSize=
#   JVM is running with Unscaled Compressed Oops mode in which the Java heap is
#     placed in the first 4GB address space. The Java Heap base address is the
#     maximum limit for the native heap growth. Please use -XX:HeapBaseMinAddress
#     to set the Java Heap base and to place the Java Heap above 4GB virtual address.
# This output file may be truncated or incomplete.
#
#  Out of Memory Error (allocation.cpp:389), pid=14408, tid=0x000000000000338c
#
# JRE version: OpenJDK Runtime Environment (8.0_242-b01) (build 1.8.0_242-release-1644-b01)
# Java VM: OpenJDK 64-Bit Server VM (25.242-b01 mixed mode windows-amd64 compressed oops)
# Failed to write core dump. Minidumps are not enabled by default on client versions of Windows
#

---------------  T H R E A D  ---------------

Current thread (0x0000000018332800):  JavaThread "C2 CompilerThread0" daemon [_thread_in_native, id=13196, stack(0x0000000018c00000,0x0000000018d00000)]

Stack: [0x0000000018c00000,0x0000000018d00000]
[error occurred during error reporting (printing stack bounds), id 0xc0000005]

Native frames: (J=compiled Java code, j=interpreted, Vv=VM code, C=native code)


Current CompileTask:
C2: 141025 17312 %     4       com.android.tools.r8.ir.optimize.PeepholeOptimizer::optimize @ 312 (388 bytes)


---------------  P R O C E S S  ---------------

Java Threads: ( => current thread )
  0x000000001dbcf800 JavaThread "Cache worker for execution history cache (C:\Users\ayush\AndroidStudioProjects\ThirdArApp\.gradle\5.4.1\executionHistory)" [_thread_blocked, id=2912, stack(0x0000000028400000,0x0000000028500000)]
  0x000000001dbce800 JavaThread "Execution worker for ':' Thread 7" [_thread_in_Java, id=1252, stack(0x0000000028300000,0x0000000028400000)]
  0x000000001ca17000 JavaThread "Execution worker for ':' Thread 6" [_thread_in_Java, id=12604, stack(0x0000000028200000,0x0000000028300000)]
  0x000000001ca1a000 JavaThread "Execution worker for ':' Thread 5" [_thread_in_Java, id=8856, stack(0x0000000028100000,0x0000000028200000)]
  0x000000001ca19000 JavaThread "Execution worker for ':' Thread 4" [_thread_in_native, id=4736, stack(0x0000000028000000,0x0000000028100000)]
  0x000000001ca16000 JavaThread "Execution worker for ':' Thread 3" [_thread_in_Java, id=2376, stack(0x0000000027f00000,0x0000000028000000)]
  0x000000001ca1a800 JavaThread "Execution worker for ':' Thread 2" [_thread_in_Java, id=10996, stack(0x0000000027e00000,0x0000000027f00000)]
  0x000000001ca15800 JavaThread "Execution worker for ':'" [_thread_in_Java, id=15116, stack(0x0000000027d00000,0x0000000027e00000)]
  0x000000001ca14800 JavaThread "Cache worker for file content cache (C:\Users\ayush\AndroidStudioProjects\ThirdArApp\.gradle\5.4.1\fileContent)" [_thread_blocked, id=14968, stack(0x0000000026be0000,0x0000000026ce0000)]
  0x000000001ca17800 JavaThread "Cache worker for file content cache (C:\Users\ayush\.gradle\caches\5.4.1\fileContent)" [_thread_blocked, id=14552, stack(0x0000000026ae0000,0x0000000026be0000)]
  0x000000001ca18800 JavaThread "Cache worker for Build Output Cleanup Cache (C:\Users\ayush\AndroidStudioProjects\ThirdArApp\.gradle\buildOutputCleanup)" [_thread_blocked, id=14872, stack(0x00000000220b0000,0x00000000221b0000)]
  0x000000001a08b000 JavaThread "Build operations Thread 8" [_thread_blocked, id=14760, stack(0x00000000217b0000,0x00000000218b0000)]
  0x000000001a087000 JavaThread "Build operations Thread 7" [_thread_blocked, id=14288, stack(0x00000000211b0000,0x00000000212b0000)]
  0x000000001a086800 JavaThread "Build operations Thread 6" [_thread_blocked, id=6676, stack(0x00000000210b0000,0x00000000211b0000)]
  0x000000001a089800 JavaThread "Build operations Thread 5" [_thread_blocked, id=14684, stack(0x0000000020fb0000,0x00000000210b0000)]
  0x000000001d55c000 JavaThread "Build operations Thread 4" [_thread_blocked, id=14884, stack(0x0000000020eb0000,0x0000000020fb0000)]
  0x000000001d55d000 JavaThread "Build operations Thread 3" [_thread_blocked, id=14648, stack(0x0000000020db0000,0x0000000020eb0000)]
  0x000000001d551000 JavaThread "Build operations Thread 2" [_thread_blocked, id=12084, stack(0x0000000020cb0000,0x0000000020db0000)]
  0x000000001d557800 JavaThread "Build operations" [_thread_blocked, id=15052, stack(0x0000000020bb0000,0x0000000020cb0000)]
  0x000000001d557000 JavaThread "Cache worker for cache directory md-rule (C:\Users\ayush\.gradle\caches\5.4.1\md-rule)" [_thread_blocked, id=14468, stack(0x0000000020ab0000,0x0000000020bb0000)]
  0x000000001d556000 JavaThread "Cache worker for cache directory md-supplier (C:\Users\ayush\.gradle\caches\5.4.1\md-supplier)" [_thread_blocked, id=6000, stack(0x000000001d220000,0x000000001d320000)]
  0x000000001d54e800 JavaThread "Cache worker for file hash cache (C:\Users\ayush\AndroidStudioProjects\ThirdArApp\.gradle\5.4.1\fileHashes)" [_thread_blocked, id=15076, stack(0x000000001bc50000,0x000000001bd50000)]
  0x000000001d555800 JavaThread "Thread-31" [_thread_blocked, id=14952, stack(0x000000001bb50000,0x000000001bc50000)]
  0x000000001d54d800 JavaThread "Stdin handler" [_thread_blocked, id=15000, stack(0x000000001b950000,0x000000001ba50000)]
  0x000000001d550000 JavaThread "Asynchronous log dispatcher for DefaultDaemonConnection: socket connection from /127.0.0.1:60503 to /127.0.0.1:60555" [_thread_blocked, id=10168, stack(0x000000001b750000,0x000000001b850000)]
  0x000000001d554000 JavaThread "Cancel handler" [_thread_blocked, id=15044, stack(0x000000001b450000,0x000000001b550000)]
  0x000000001d54f800 JavaThread "Handler for socket connection from /127.0.0.1:60503 to /127.0.0.1:60555" [_thread_in_native, id=7816, stack(0x0000000000b80000,0x0000000000c80000)]
  0x000000001d551800 JavaThread "Memory manager" [_thread_blocked, id=9660, stack(0x0000000024b50000,0x0000000024c50000)]
  0x000000001a08b800 JavaThread "Cache worker for execution history cache (C:\Users\ayush\.gradle\caches\5.4.1\executionHistory)" [_thread_blocked, id=12900, stack(0x0000000020120000,0x0000000020220000)]
  0x000000001a088000 JavaThread "Cache worker for journal cache (C:\Users\ayush\.gradle\caches\journal-1)" [_thread_blocked, id=5148, stack(0x000000001bf50000,0x000000001c050000)]
  0x000000001a085800 JavaThread "File lock request listener" [_thread_in_native, id=7660, stack(0x000000001be50000,0x000000001bf50000)]
  0x0000000019e63000 JavaThread "Cache worker for file hash cache (C:\Users\ayush\.gradle\caches\5.4.1\fileHashes)" [_thread_blocked, id=8740, stack(0x000000001bd50000,0x000000001be50000)]
  0x000000001a104000 JavaThread "Daemon worker" [_thread_in_Java, id=11916, stack(0x000000001b850000,0x000000001b950000)]
  0x000000001a4f5000 JavaThread "Daemon" [_thread_blocked, id=13492, stack(0x000000001b350000,0x000000001b450000)]
  0x000000001a4df800 JavaThread "Daemon periodic checks" [_thread_blocked, id=4896, stack(0x000000001b250000,0x000000001b350000)]
  0x000000001843c000 JavaThread "Incoming local TCP Connector on port 60503" [_thread_in_native, id=13204, stack(0x000000001b010000,0x000000001b110000)]
  0x00000000185ba000 JavaThread "Daemon health stats" [_thread_blocked, id=11580, stack(0x000000001a9d0000,0x000000001aad0000)]
  0x00000000183c0800 JavaThread "Service Thread" daemon [_thread_blocked, id=3456, stack(0x0000000019000000,0x0000000019100000)]
  0x000000001833c000 JavaThread "C1 CompilerThread3" daemon [_thread_blocked, id=2960, stack(0x0000000018f00000,0x0000000019000000)]
  0x0000000018339000 JavaThread "C2 CompilerThread2" daemon [_thread_in_native, id=9608, stack(0x0000000018e00000,0x0000000018f00000)]
  0x000000001654c800 JavaThread "C2 CompilerThread1" daemon [_thread_in_native, id=5452, stack(0x0000000018d00000,0x0000000018e00000)]
=>0x0000000018332800 JavaThread "C2 CompilerThread0" daemon [_thread_in_native, id=13196, stack(0x0000000018c00000,0x0000000018d00000)]
  0x0000000018331800 JavaThread "Attach Listener" daemon [_thread_blocked, id=5388, stack(0x0000000018b00000,0x0000000018c00000)]
  0x0000000018336000 JavaThread "Signal Dispatcher" daemon [_thread_blocked, id=10904, stack(0x0000000018a00000,0x0000000018b00000)]
  0x000000000275d800 JavaThread "Finalizer" daemon [_thread_blocked, id=11848, stack(0x0000000018800000,0x0000000018900000)]
  0x0000000002757000 JavaThread "Reference Handler" daemon [_thread_blocked, id=10592, stack(0x0000000018700000,0x0000000018800000)]
  0x00000000024de800 JavaThread "main" [_thread_blocked, id=13864, stack(0x0000000002560000,0x0000000002660000)]

Other Threads:
  0x0000000016536000 VMThread [stack: 0x0000000018200000,0x0000000018300000] [id=4992]
  0x00000000183c1800 WatcherThread [stack: 0x0000000019100000,0x0000000019200000] [id=8156]

VM state:not at safepoint (normal execution)

VM Mutex/Monitor currently owned by a thread:  ([mutex/lock_event])
[0x0000000002660750] CompiledIC_lock - owner thread: 0x000000001a104000

heap address: 0x00000000a0000000, size: 1536 MB, Compressed Oops mode: 32-bit
Narrow klass base: 0x0000000000000000, Narrow klass shift: 3
Compressed class space size: 1073741824 Address: 0x0000000100000000

Heap:
 PSYoungGen      total 481792K, used 126300K [0x00000000e0000000, 0x0000000100000000, 0x0000000100000000)
  eden space 443904K, 24% used [0x00000000e0000000,0x00000000e68372e8,0x00000000fb180000)
  from space 37888K, 51% used [0x00000000fb180000,0x00000000fc4a0048,0x00000000fd680000)
  to   space 37376K, 0% used [0x00000000fdb80000,0x00000000fdb80000,0x0000000100000000)
 ParOldGen       total 109568K, used 72530K [0x00000000a0000000, 0x00000000a6b00000, 0x00000000e0000000)
  object space 109568K, 66% used [0x00000000a0000000,0x00000000a46d4a88,0x00000000a6b00000)
 Metaspace       used 91892K, capacity 95432K, committed 96512K, reserved 1132544K
  class space    used 11804K, capacity 12517K, committed 12800K, reserved 1048576K

Card table byte_map: [0x0000000011b20000,0x0000000011e30000] byte_map_base: 0x0000000011620000

Marking Bits: (ParMarkBitMap*) 0x0000000057b7f030
 Begin Bits: [0x0000000012830000, 0x0000000014030000)
 End Bits:   [0x0000000014030000, 0x0000000015830000)

Polling page: 0x00000000024c0000

CodeCache: size=245760Kb used=48426Kb max_used=48970Kb free=197333Kb
 bounds [0x0000000002760000, 0x0000000005790000, 0x0000000011760000]
 total_blobs=15112 nmethods=14225 adapters=800
 compilation: enabled

Compilation events (10 events):
Event: 140.945 Thread 0x000000001833c000 nmethod 17497 0x0000000004e52ad0 code [0x0000000004e52c80, 0x0000000004e52fc8]
Event: 140.946 Thread 0x000000001833c000 17498       2       com.android.tools.r8.n.a.a.a.g.q::a (10 bytes)
Event: 140.947 Thread 0x000000001833c000 nmethod 17498 0x0000000004e526d0 code [0x0000000004e52840, 0x0000000004e529f8]
Event: 140.948 Thread 0x000000001833c000 17499       2       com.android.tools.r8.ir.optimize.CodeRewriter$g::<init> (98 bytes)
Event: 140.949 Thread 0x000000001833c000 nmethod 17499 0x0000000004e52110 code [0x0000000004e52280, 0x0000000004e52538]
Event: 140.958 Thread 0x000000001833c000 17500       1       com.android.tools.r8.n.a.a.a.h.W$d::getKey (13 bytes)
Event: 140.958 Thread 0x000000001833c000 nmethod 17500 0x0000000004e51d90 code [0x0000000004e51ee0, 0x0000000004e52010]
Event: 140.960 Thread 0x000000001833c000 17501       2       com.android.tools.r8.ir.optimize.CodeRewriter::a (275 bytes)
Event: 140.963 Thread 0x000000001833c000 nmethod 17501 0x00000000036fa650 code [0x00000000036faa00, 0x00000000036fbac8]
Event: 140.969 Thread 0x000000001833c000 17502       2       com.android.tools.r8.ir.conversion.N::a (5667 bytes)

GC Heap History (10 events):
Event: 131.645 GC heap before
{Heap before GC invocations=23 (full 3):
 PSYoungGen      total 498688K, used 498687K [0x00000000e0000000, 0x0000000100000000, 0x0000000100000000)
  eden space 473088K, 100% used [0x00000000e0000000,0x00000000fce00000,0x00000000fce00000)
  from space 25600K, 99% used [0x00000000fce00000,0x00000000fe6fff48,0x00000000fe700000)
  to   space 25600K, 0% used [0x00000000fe700000,0x00000000fe700000,0x0000000100000000)
 ParOldGen       total 109568K, used 67652K [0x00000000a0000000, 0x00000000a6b00000, 0x00000000e0000000)
  object space 109568K, 61% used [0x00000000a0000000,0x00000000a4211388,0x00000000a6b00000)
 Metaspace       used 85936K, capacity 89198K, committed 89472K, reserved 1126400K
  class space    used 11100K, capacity 11792K, committed 11904K, reserved 1048576K
Event: 131.683 GC heap after
Heap after GC invocations=23 (full 3):
 PSYoungGen      total 467968K, used 25577K [0x00000000e0000000, 0x0000000100000000, 0x0000000100000000)
  eden space 442368K, 0% used [0x00000000e0000000,0x00000000e0000000,0x00000000fb000000)
  from space 25600K, 99% used [0x00000000fe700000,0x00000000ffffa570,0x0000000100000000)
  to   space 40960K, 0% used [0x00000000fb000000,0x00000000fb000000,0x00000000fd800000)
 ParOldGen       total 109568K, used 74096K [0x00000000a0000000, 0x00000000a6b00000, 0x00000000e0000000)
  object space 109568K, 67% used [0x00000000a0000000,0x00000000a485c230,0x00000000a6b00000)
 Metaspace       used 85936K, capacity 89198K, committed 89472K, reserved 1126400K
  class space    used 11100K, capacity 11792K, committed 11904K, reserved 1048576K
}
Event: 136.237 GC heap before
{Heap before GC invocations=24 (full 3):
 PSYoungGen      total 467968K, used 467945K [0x00000000e0000000, 0x0000000100000000, 0x0000000100000000)
  eden space 442368K, 100% used [0x00000000e0000000,0x00000000fb000000,0x00000000fb000000)
  from space 25600K, 99% used [0x00000000fe700000,0x00000000ffffa570,0x0000000100000000)
  to   space 40960K, 0% used [0x00000000fb000000,0x00000000fb000000,0x00000000fd800000)
 ParOldGen       total 109568K, used 74096K [0x00000000a0000000, 0x00000000a6b00000, 0x00000000e0000000)
  object space 109568K, 67% used [0x00000000a0000000,0x00000000a485c230,0x00000000a6b00000)
 Metaspace       used 91755K, capacity 95804K, committed 96000K, reserved 1132544K
  class space    used 11895K, capacity 12697K, committed 12800K, reserved 1048576K
Event: 136.278 GC heap after
Heap after GC invocations=24 (full 3):
 PSYoungGen      total 483328K, used 7800K [0x00000000e0000000, 0x0000000100000000, 0x0000000100000000)
  eden space 442368K, 0% used [0x00000000e0000000,0x00000000e0000000,0x00000000fb000000)
  from space 40960K, 19% used [0x00000000fb000000,0x00000000fb79e048,0x00000000fd800000)
  to   space 39424K, 0% used [0x00000000fd980000,0x00000000fd980000,0x0000000100000000)
 ParOldGen       total 109568K, used 94520K [0x00000000a0000000, 0x00000000a6b00000, 0x00000000e0000000)
  object space 109568K, 86% used [0x00000000a0000000,0x00000000a5c4e080,0x00000000a6b00000)
 Metaspace       used 91755K, capacity 95804K, committed 96000K, reserved 1132544K
  class space    used 11895K, capacity 12697K, committed 12800K, reserved 1048576K
}
Event: 136.278 GC heap before
{Heap before GC invocations=25 (full 4):
 PSYoungGen      total 483328K, used 7800K [0x00000000e0000000, 0x0000000100000000, 0x0000000100000000)
  eden space 442368K, 0% used [0x00000000e0000000,0x00000000e0000000,0x00000000fb000000)
  from space 40960K, 19% used [0x00000000fb000000,0x00000000fb79e048,0x00000000fd800000)
  to   space 39424K, 0% used [0x00000000fd980000,0x00000000fd980000,0x0000000100000000)
 ParOldGen       total 109568K, used 94520K [0x00000000a0000000, 0x00000000a6b00000, 0x00000000e0000000)
  object space 109568K, 86% used [0x00000000a0000000,0x00000000a5c4e080,0x00000000a6b00000)
 Metaspace       used 91755K, capacity 95804K, committed 96000K, reserved 1132544K
  class space    used 11895K, capacity 12697K, committed 12800K, reserved 1048576K
Event: 136.662 GC heap after
Heap after GC invocations=25 (full 4):
 PSYoungGen      total 483328K, used 0K [0x00000000e0000000, 0x0000000100000000, 0x0000000100000000)
  eden space 442368K, 0% used [0x00000000e0000000,0x00000000e0000000,0x00000000fb000000)
  from space 40960K, 0% used [0x00000000fb000000,0x00000000fb000000,0x00000000fd800000)
  to   space 39424K, 0% used [0x00000000fd980000,0x00000000fd980000,0x0000000100000000)
 ParOldGen       total 109568K, used 72007K [0x00000000a0000000, 0x00000000a6b00000, 0x00000000e0000000)
  object space 109568K, 65% used [0x00000000a0000000,0x00000000a4651f78,0x00000000a6b00000)
 Metaspace       used 91410K, capacity 94872K, committed 96000K, reserved 1132544K
  class space    used 11776K, capacity 12489K, committed 12800K, reserved 1048576K
}
Event: 138.898 GC heap before
{Heap before GC invocations=26 (full 4):
 PSYoungGen      total 483328K, used 442368K [0x00000000e0000000, 0x0000000100000000, 0x0000000100000000)
  eden space 442368K, 100% used [0x00000000e0000000,0x00000000fb000000,0x00000000fb000000)
  from space 40960K, 0% used [0x00000000fb000000,0x00000000fb000000,0x00000000fd800000)
  to   space 39424K, 0% used [0x00000000fd980000,0x00000000fd980000,0x0000000100000000)
 ParOldGen       total 109568K, used 72519K [0x00000000a0000000, 0x00000000a6b00000, 0x00000000e0000000)
  object space 109568K, 66% used [0x00000000a0000000,0x00000000a46d1ea0,0x00000000a6b00000)
 Metaspace       used 91643K, capacity 95128K, committed 96256K, reserved 1132544K
  class space    used 11783K, capacity 12493K, committed 12800K, reserved 1048576K
Event: 138.916 GC heap after
Heap after GC invocations=26 (full 4):
 PSYoungGen      total 478720K, used 10450K [0x00000000e0000000, 0x00000000ffb80000, 0x0000000100000000)
  eden space 443904K, 0% used [0x00000000e0000000,0x00000000e0000000,0x00000000fb180000)
  from space 34816K, 30% used [0x00000000fd980000,0x00000000fe3b4b50,0x00000000ffb80000)
  to   space 37888K, 0% used [0x00000000fb180000,0x00000000fb180000,0x00000000fd680000)
 ParOldGen       total 109568K, used 72519K [0x00000000a0000000, 0x00000000a6b00000, 0x00000000e0000000)
  object space 109568K, 66% used [0x00000000a0000000,0x00000000a46d1ea0,0x00000000a6b00000)
 Metaspace       used 91643K, capacity 95128K, committed 96256K, reserved 1132544K
  class space    used 11783K, capacity 12493K, committed 12800K, reserved 1048576K
}
Event: 140.717 GC heap before
{Heap before GC invocations=27 (full 4):
 PSYoungGen      total 478720K, used 454354K [0x00000000e0000000, 0x00000000ffb80000, 0x0000000100000000)
  eden space 443904K, 100% used [0x00000000e0000000,0x00000000fb180000,0x00000000fb180000)
  from space 34816K, 30% used [0x00000000fd980000,0x00000000fe3b4b50,0x00000000ffb80000)
  to   space 37888K, 0% used [0x00000000fb180000,0x00000000fb180000,0x00000000fd680000)
 ParOldGen       total 109568K, used 72522K [0x00000000a0000000, 0x00000000a6b00000, 0x00000000e0000000)
  object space 109568K, 66% used [0x00000000a0000000,0x00000000a46d2a88,0x00000000a6b00000)
 Metaspace       used 91873K, capacity 95432K, committed 96512K, reserved 1132544K
  class space    used 11804K, capacity 12517K, committed 12800K, reserved 1048576K
Event: 140.770 GC heap after
Heap after GC invocations=27 (full 4):
 PSYoungGen      total 481792K, used 19584K [0x00000000e0000000, 0x0000000100000000, 0x0000000100000000)
  eden space 443904K, 0% used [0x00000000e0000000,0x00000000e0000000,0x00000000fb180000)
  from space 37888K, 51% used [0x00000000fb180000,0x00000000fc4a0048,0x00000000fd680000)
  to   space 37376K, 0% used [0x00000000fdb80000,0x00000000fdb80000,0x0000000100000000)
 ParOldGen       total 109568K, used 72530K [0x00000000a0000000, 0x00000000a6b00000, 0x00000000e0000000)
  object space 109568K, 66% used [0x00000000a0000000,0x00000000a46d4a88,0x00000000a6b00000)
 Metaspace       used 91873K, capacity 95432K, committed 96512K, reserved 1132544K
  class space    used 11804K, capacity 12517K, committed 12800K, reserved 1048576K
}

Deoptimization events (10 events):
Event: 140.307 Thread 0x000000001ca1a800 Uncommon trap: reason=class_check action=maybe_recompile pc=0x0000000005422604 method=com.android.tools.r8.ir.conversion.IRBuilder.a(Lcom/android/tools/r8/ir/code/Position;)V @ 124
Event: 140.409 Thread 0x000000001ca15800 Uncommon trap: reason=unstable_if action=reinterpret pc=0x0000000004d97c34 method=com.android.tools.r8.t.a.a.f.a(II[C)Ljava/lang/String; @ 32
Event: 140.409 Thread 0x000000001ca15800 Uncommon trap: reason=unstable_if action=reinterpret pc=0x0000000004dc8494 method=com.android.tools.r8.graph.DexString.<init>(Ljava/lang/String;)V @ 39
Event: 140.435 Thread 0x000000001ca15800 Uncommon trap: reason=unstable_if action=reinterpret pc=0x0000000004d75a88 method=com.android.tools.r8.t.a.a.f.a(II[C)Ljava/lang/String; @ 32
Event: 140.435 Thread 0x000000001ca15800 Uncommon trap: reason=unstable_if action=reinterpret pc=0x0000000004cfeda8 method=com.android.tools.r8.graph.DexString.<init>(Ljava/lang/String;)V @ 39
Event: 140.526 Thread 0x000000001ca15800 Uncommon trap: reason=unstable_if action=reinterpret pc=0x0000000004dd76b0 method=com.android.tools.r8.graph.DexString.<init>(Ljava/lang/String;)V @ 39
Event: 140.528 Thread 0x000000001ca15800 Uncommon trap: reason=unstable_if action=reinterpret pc=0x0000000004d78958 method=com.android.tools.r8.graph.DexString.k()Ljava/lang/String; @ 56
Event: 140.667 Thread 0x000000001ca15800 Uncommon trap: reason=class_check action=maybe_recompile pc=0x0000000005529dac method=com.android.tools.r8.ir.conversion.U.a(Lcom/android/tools/r8/ir/conversion/T;)Z @ 4
Event: 140.948 Thread 0x000000001a104000 Uncommon trap: reason=class_check action=maybe_recompile pc=0x0000000005422604 method=com.android.tools.r8.ir.conversion.IRBuilder.a(Lcom/android/tools/r8/ir/code/Position;)V @ 124
Event: 140.968 Thread 0x000000001ca15800 Uncommon trap: reason=class_check action=maybe_recompile pc=0x0000000005422604 method=com.android.tools.r8.ir.conversion.IRBuilder.a(Lcom/android/tools/r8/ir/code/Position;)V @ 124

Classes redefined (0 events):
No events

Internal exceptions (10 events):
Event: 140.383 Thread 0x000000001ca15800 Exception <a 'sun/nio/fs/WindowsException'> (0x00000000f7110b58) thrown at [C:\src\AOSP-openjdk-git\hotspot\src\share\vm\prims\jni.cpp, line 710]
Event: 140.680 Thread 0x000000001ca1a800 Exception <a 'sun/nio/fs/WindowsException'> (0x00000000fa853c68) thrown at [C:\src\AOSP-openjdk-git\hotspot\src\share\vm\prims\jni.cpp, line 710]
Event: 140.844 Thread 0x000000001a104000 Exception <a 'sun/nio/fs/WindowsException'> (0x00000000e114f108) thrown at [C:\src\AOSP-openjdk-git\hotspot\src\share\vm\prims\jni.cpp, line 710]
Event: 140.847 Thread 0x000000001ca17000 Exception <a 'sun/nio/fs/WindowsException'> (0x00000000e1d79380) thrown at [C:\src\AOSP-openjdk-git\hotspot\src\share\vm\prims\jni.cpp, line 710]
Event: 140.849 Thread 0x000000001ca19000 Exception <a 'sun/nio/fs/WindowsException'> (0x00000000e18229b0) thrown at [C:\src\AOSP-openjdk-git\hotspot\src\share\vm\prims\jni.cpp, line 710]
Event: 140.905 Thread 0x000000001ca1a800 Exception <a 'sun/nio/fs/WindowsException'> (0x00000000e2b83898) thrown at [C:\src\AOSP-openjdk-git\hotspot\src\share\vm\prims\jni.cpp, line 710]
Event: 140.907 Thread 0x000000001ca19000 Exception <a 'sun/nio/fs/WindowsException'> (0x00000000e18a1960) thrown at [C:\src\AOSP-openjdk-git\hotspot\src\share\vm\prims\jni.cpp, line 710]
Event: 140.919 Thread 0x000000001a104000 Exception <a 'sun/nio/fs/WindowsException'> (0x00000000e2fdcff8) thrown at [C:\src\AOSP-openjdk-git\hotspot\src\share\vm\prims\jni.cpp, line 710]
Event: 140.946 Thread 0x000000001ca19000 Exception <a 'sun/nio/fs/WindowsException'> (0x00000000e3d3d5d0) thrown at [C:\src\AOSP-openjdk-git\hotspot\src\share\vm\prims\jni.cpp, line 710]
Event: 140.981 Thread 0x000000001ca1a000 Exception <a 'sun/nio/fs/WindowsException'> (0x00000000e4f1bb98) thrown at [C:\src\AOSP-openjdk-git\hotspot\src\share\vm\prims\jni.cpp, line 710]

Events (10 events):
Event: 140.955 Thread 0x000000001a104000 DEOPT UNPACKING pc=0x00000000027a71d0 sp=0x000000001b948670 mode 0
Event: 140.955 Thread 0x000000001dbce800 DEOPT PACKING pc=0x0000000005302e1d sp=0x00000000283facc0
Event: 140.955 Thread 0x000000001dbce800 DEOPT UNPACKING pc=0x00000000027a71d0 sp=0x00000000283fab78 mode 0
Event: 140.958 Thread 0x000000001ca1a800 DEOPT PACKING pc=0x0000000004b19564 sp=0x0000000027efb0b0
Event: 140.958 Thread 0x000000001ca1a800 DEOPT UNPACKING pc=0x00000000027a71d0 sp=0x0000000027efae98 mode 0
Event: 140.968 Thread 0x000000001ca15800 Uncommon trap: trap_request=0xffffffde fr.pc=0x0000000005422604
Event: 140.968 Thread 0x000000001ca15800 DEOPT PACKING pc=0x0000000005422604 sp=0x0000000027dfaa10
Event: 140.968 Thread 0x000000001ca15800 DEOPT UNPACKING pc=0x00000000027a557b sp=0x0000000027dfa968 mode 2
Event: 140.983 Thread 0x000000001ca17000 DEOPT PACKING pc=0x00000000053312e6 sp=0x00000000282fa910
Event: 140.983 Thread 0x000000001ca17000 DEOPT UNPACKING pc=0x00000000027a71d0 sp=0x00000000282fa920 mode 0


Dynamic libraries:
0x00007ff7eee20000 - 0x00007ff7eee51000 	C:\Program Files\Android\Android Studio\jre\bin\java.exe
0x00007ffa38aa0000 - 0x00007ffa38c90000 	C:\WINDOWS\SYSTEM32\ntdll.dll
0x00007ffa37830000 - 0x00007ffa378e2000 	C:\WINDOWS\System32\KERNEL32.DLL
0x00007ffa36800000 - 0x00007ffa36aa5000 	C:\WINDOWS\System32\KERNELBASE.dll
0x00007ffa37780000 - 0x00007ffa37823000 	C:\WINDOWS\System32\ADVAPI32.dll
0x00007ffa38940000 - 0x00007ffa389de000 	C:\WINDOWS\System32\msvcrt.dll
0x00007ffa36d60000 - 0x00007ffa36df7000 	C:\WINDOWS\System32\sechost.dll
0x00007ffa384e0000 - 0x00007ffa385ff000 	C:\WINDOWS\System32\RPCRT4.dll
0x00007ffa36e00000 - 0x00007ffa36f94000 	C:\WINDOWS\System32\USER32.dll
0x00007ffa36740000 - 0x00007ffa36761000 	C:\WINDOWS\System32\win32u.dll
0x00007ffa387e0000 - 0x00007ffa38806000 	C:\WINDOWS\System32\GDI32.dll
0x00007ffa35d70000 - 0x00007ffa35f08000 	C:\WINDOWS\System32\gdi32full.dll
0x00007ffa35cd0000 - 0x00007ffa35d6e000 	C:\WINDOWS\System32\msvcp_win.dll
0x00007ffa35b70000 - 0x00007ffa35c6a000 	C:\WINDOWS\System32\ucrtbase.dll
0x00007ffa194e0000 - 0x00007ffa19764000 	C:\WINDOWS\WinSxS\amd64_microsoft.windows.common-controls_6595b64144ccf1df_6.0.18362.1440_none_9e7dbfb9e45e8e67\COMCTL32.dll
0x00007ffa36fa0000 - 0x00007ffa372d6000 	C:\WINDOWS\System32\combase.dll
0x00007ffa36770000 - 0x00007ffa367f1000 	C:\WINDOWS\System32\bcryptPrimitives.dll
0x00007ffa37750000 - 0x00007ffa3777e000 	C:\WINDOWS\System32\IMM32.DLL
0x00000000571f0000 - 0x00000000572c2000 	C:\Program Files\Android\Android Studio\jre\jre\bin\msvcr100.dll
0x00000000573b0000 - 0x0000000057bfb000 	C:\Program Files\Android\Android Studio\jre\jre\bin\server\jvm.dll
0x00007ffa37fe0000 - 0x00007ffa37fe8000 	C:\WINDOWS\System32\PSAPI.DLL
0x00007ffa33260000 - 0x00007ffa33284000 	C:\WINDOWS\SYSTEM32\WINMM.dll
0x00007ffa2d830000 - 0x00007ffa2d83a000 	C:\WINDOWS\SYSTEM32\VERSION.dll
0x00007ffa33480000 - 0x00007ffa33489000 	C:\WINDOWS\SYSTEM32\WSOCK32.dll
0x00007ffa38250000 - 0x00007ffa382bf000 	C:\WINDOWS\System32\WS2_32.dll
0x00007ffa32b70000 - 0x00007ffa32b9d000 	C:\WINDOWS\SYSTEM32\winmmbase.dll
0x00007ffa36ab0000 - 0x00007ffa36afa000 	C:\WINDOWS\System32\cfgmgr32.dll
0x00007ffa334f0000 - 0x00007ffa334ff000 	C:\Program Files\Android\Android Studio\jre\jre\bin\verify.dll
0x00007ffa16840000 - 0x00007ffa16869000 	C:\Program Files\Android\Android Studio\jre\jre\bin\java.dll
0x00007ffa29b20000 - 0x00007ffa29b36000 	C:\Program Files\Android\Android Studio\jre\jre\bin\zip.dll
0x00007ffa378f0000 - 0x00007ffa37fd8000 	C:\WINDOWS\System32\SHELL32.dll
0x00007ffa36b50000 - 0x00007ffa36bf7000 	C:\WINDOWS\System32\shcore.dll
0x00007ffa35fc0000 - 0x00007ffa3673b000 	C:\WINDOWS\System32\windows.storage.dll
0x00007ffa35960000 - 0x00007ffa3597e000 	C:\WINDOWS\System32\profapi.dll
0x00007ffa35980000 - 0x00007ffa359ca000 	C:\WINDOWS\System32\powrprof.dll
0x00007ffa35950000 - 0x00007ffa35960000 	C:\WINDOWS\System32\UMPDC.dll
0x00007ffa38140000 - 0x00007ffa38192000 	C:\WINDOWS\System32\shlwapi.dll
0x00007ffa359f0000 - 0x00007ffa35a01000 	C:\WINDOWS\System32\kernel.appcore.dll
0x00007ffa36b30000 - 0x00007ffa36b47000 	C:\WINDOWS\System32\cryptsp.dll
0x00007ffa1f320000 - 0x00007ffa1f33a000 	C:\Program Files\Android\Android Studio\jre\jre\bin\net.dll
0x00007ffa35130000 - 0x00007ffa35197000 	C:\WINDOWS\system32\mswsock.dll
0x00007ffa1ae60000 - 0x00007ffa1ae73000 	C:\Program Files\Android\Android Studio\jre\jre\bin\nio.dll
0x00007ffa2f640000 - 0x00007ffa2f666000 	C:\Users\ayush\.gradle\native\29\windows-amd64\native-platform.dll
0x00007ffa33490000 - 0x00007ffa3349d000 	C:\Program Files\Android\Android Studio\jre\jre\bin\management.dll
0x00007ffa34cb0000 - 0x00007ffa34ce3000 	C:\WINDOWS\system32\rsaenh.dll
0x00007ffa36b00000 - 0x00007ffa36b26000 	C:\WINDOWS\System32\bcrypt.dll
0x00007ffa35870000 - 0x00007ffa35895000 	C:\WINDOWS\SYSTEM32\USERENV.dll
0x00007ffa35570000 - 0x00007ffa3557c000 	C:\WINDOWS\SYSTEM32\CRYPTBASE.dll
0x00007ffa34e40000 - 0x00007ffa34e7a000 	C:\WINDOWS\SYSTEM32\IPHLPAPI.DLL
0x00007ffa387d0000 - 0x00007ffa387d8000 	C:\WINDOWS\System32\NSI.dll
0x00007ffa2c320000 - 0x00007ffa2c336000 	C:\WINDOWS\SYSTEM32\dhcpcsvc6.DLL
0x00007ffa2c450000 - 0x00007ffa2c46c000 	C:\WINDOWS\SYSTEM32\dhcpcsvc.DLL
0x00007ffa34e80000 - 0x00007ffa34f4b000 	C:\WINDOWS\SYSTEM32\DNSAPI.dll
0x00007ffa12ea0000 - 0x00007ffa12ec4000 	C:\Program Files\Android\Android Studio\jre\jre\bin\sunec.dll
0x00007ffa2d6a0000 - 0x00007ffa2d6aa000 	C:\Windows\System32\rasadhlp.dll
0x00007ffa2bf40000 - 0x00007ffa2bfb7000 	C:\WINDOWS\System32\fwpuclnt.dll
0x00007ffa2fdb0000 - 0x00007ffa2fdbb000 	C:\Program Files\Android\Android Studio\jre\jre\bin\sunmscapi.dll
0x00007ffa35a10000 - 0x00007ffa35b61000 	C:\WINDOWS\System32\CRYPT32.dll
0x00007ffa359d0000 - 0x00007ffa359e2000 	C:\WINDOWS\System32\MSASN1.dll

VM Arguments:
jvm_args: -Xmx1536m -Dfile.encoding=windows-1252 -Duser.country=GB -Duser.language=en -Duser.variant 
java_command: org.gradle.launcher.daemon.bootstrap.GradleDaemon 5.4.1
java_class_path (initial): C:\Users\ayush\.gradle\wrapper\dists\gradle-5.4.1-all\3221gyojl5jsh0helicew7rwx\gradle-5.4.1\lib\gradle-launcher-5.4.1.jar
Launcher Type: SUN_STANDARD

Environment Variables:
JAVA_HOME=C:\Program Files\Java\jdk-12.0.2
PATH=C:\WINDOWS\system32;C:\WINDOWS;C:\WINDOWS\System32\Wbem;C:\WINDOWS\System32\WindowsPowerShell\v1.0\;C:\WINDOWS\System32\OpenSSH\;C:\Program Files\Intel\WiFi\bin\;C:\Program Files\Common Files\Intel\WirelessCommon\;C:\Program Files\Java\jdk-12.0.2\bin;C:\Program Files\Git\cmd;%NVM_HOME%;%NVM_SYMLINK%;C:\ProgramData\chocolatey\bin;C:\Program Files (x86)\GTK2-Runtime\lib;C:\Program Files\nodejs\;C:\Users\ayush\AppData\Local\Programs\Python\Python38-32\Scripts\;C:\Users\ayush\AppData\Local\Programs\Python\Python38-32\;C:\Users\ayush\AppData\Local\Microsoft\WindowsApps;C:\Users\ayush\AppData\Local\GitHubDesktop\bin;C:\Users\ayush\AppData\Local\Programs\Python\Python38-32\Scripts;C:\Users\ayush\AppData\Roaming\nvm;C:\Program Files\nodejs;C:\Users\ayush\AppData\Local\Programs\Microsoft VS Code\bin;C:\Program Files\MongoDB\Server\4.2\bin;;C:\Program Files\JetBrains\IntelliJ IDEA Community Edition 2020.3\bin;;C:\Users\ayush\AppData\Roaming\npm
USERNAME=ayush
OS=Windows_NT
PROCESSOR_IDENTIFIER=AMD64 Family 23 Model 17 Stepping 0, AuthenticAMD



---------------  S Y S T E M  ---------------

OS: Windows 10.0 , 64 bit Build 18362 (10.0.18362.1350)

CPU:total 8 (initial active 8) (8 cores per cpu, 1 threads per core) family 23 model 17 stepping 0, cmov, cx8, fxsr, mmx, sse, sse2, sse3, ssse3, sse4.1, sse4.2, popcnt, avx, avx2, aes, clmul, mmxext, 3dnowpref, lzcnt, sse4a, tsc, tscinvbit, tscinv, bmi1

Memory: 4k page, physical 7288000k(1010280k free), swap 8312000k(5160k free)

vm_info: OpenJDK 64-Bit Server VM (25.242-b01) for windows-amd64 JRE (1.8.0_242-release-1644-b01), built by "builder" with MS VC++ 10.0 (VS2010)

time: Tue May 25 23:09:17 2021
timezone: India Standard Time
elapsed time: 141 seconds (0d 0h 2m 21s)

